 INFO [main] - 2020-01-18 18:40:58.859; - (Scheduler.java:94) - Added new job to the queue: Job{ jobID='jobID', group=JobGroup{ title='jobGroup', benchmarkingTime=0 } }
 INFO [main] - 2020-01-18 18:40:58.864; - (Scheduler.java:94) - Added new job to the queue: Job{ jobID='jobGroup', group=JobGroup{ title='jobID', benchmarkingTime=0 } }
 INFO [main] - 2020-01-18 18:40:58.865; - (Scheduler.java:94) - Added new job to the queue: Job{ jobID='jobID', group=JobGroup{ title='jobGroup', benchmarkingTime=0 } }
 INFO [main] - 2020-01-18 18:40:58.865; - (Scheduler.java:94) - Added new job to the queue: Job{ jobID='jobGroup', group=JobGroup{ title='jobID', benchmarkingTime=0 } }
 INFO [main] - 2020-01-18 18:40:58.866; - (Scheduler.java:94) - Added new job to the queue: Job{ jobID='jobID', group=JobGroup{ title='jobGroup', benchmarkingTime=0 } }
 INFO [main] - 2020-01-18 18:40:58.866; - (Scheduler.java:94) - Added new job to the queue: Job{ jobID='jobGroup', group=JobGroup{ title='jobID', benchmarkingTime=0 } }
 INFO [main] - 2020-01-18 18:40:58.867; - (Scheduler.java:94) - Added new job to the queue: Job{ jobID='jobID', group=JobGroup{ title='jobGroup', benchmarkingTime=0 } }
 INFO [main] - 2020-01-18 18:40:58.867; - (Scheduler.java:94) - Added new job to the queue: Job{ jobID='jobGroup', group=JobGroup{ title='jobID', benchmarkingTime=0 } }
 INFO [main] - 2020-01-18 18:40:58.868; - (Scheduler.java:94) - Added new job to the queue: Job{ jobID='jobID', group=JobGroup{ title='jobGroup', benchmarkingTime=0 } }
 INFO [main] - 2020-01-18 18:40:58.868; - (Scheduler.java:94) - Added new job to the queue: Job{ jobID='jobGroup', group=JobGroup{ title='jobID', benchmarkingTime=0 } }
 INFO [main] - 2020-01-18 18:40:58.868; - (Scheduler.java:94) - Added new job to the queue: Job{ jobID='jobID', group=JobGroup{ title='jobGroup', benchmarkingTime=0 } }
 INFO [main] - 2020-01-18 18:40:58.869; - (Scheduler.java:94) - Added new job to the queue: Job{ jobID='jobGroup', group=JobGroup{ title='jobID', benchmarkingTime=0 } }
 INFO [main] - 2020-01-18 18:40:58.869; - (Scheduler.java:94) - Added new job to the queue: Job{ jobID='jobID', group=JobGroup{ title='jobGroup', benchmarkingTime=0 } }
 INFO [main] - 2020-01-18 18:40:58.869; - (Scheduler.java:94) - Added new job to the queue: Job{ jobID='jobGroup', group=JobGroup{ title='jobID', benchmarkingTime=0 } }
 INFO [main] - 2020-01-18 18:40:58.870; - (Scheduler.java:94) - Added new job to the queue: Job{ jobID='jobID', group=JobGroup{ title='jobGroup', benchmarkingTime=0 } }
 INFO [main] - 2020-01-18 18:40:58.870; - (Scheduler.java:94) - Added new job to the queue: Job{ jobID='jobGroup', group=JobGroup{ title='jobID', benchmarkingTime=0 } }
 INFO [main] - 2020-01-18 18:40:58.870; - (Scheduler.java:94) - Added new job to the queue: Job{ jobID='jobID', group=JobGroup{ title='jobGroup', benchmarkingTime=0 } }
 INFO [main] - 2020-01-18 18:40:58.871; - (Scheduler.java:94) - Added new job to the queue: Job{ jobID='jobGroup', group=JobGroup{ title='jobID', benchmarkingTime=0 } }
 INFO [main] - 2020-01-18 18:40:58.871; - (Scheduler.java:94) - Added new job to the queue: Job{ jobID='jobID', group=JobGroup{ title='jobGroup', benchmarkingTime=0 } }
 INFO [main] - 2020-01-18 18:40:58.872; - (Scheduler.java:94) - Added new job to the queue: Job{ jobID='jobGroup', group=JobGroup{ title='jobID', benchmarkingTime=0 } }
 INFO [main] - 2020-01-18 18:40:58.872; - (Scheduler.java:94) - Added new job to the queue: Job{ jobID='jobID', group=JobGroup{ title='jobGroup', benchmarkingTime=0 } }
 INFO [main] - 2020-01-18 18:40:58.873; - (Scheduler.java:94) - Added new job to the queue: Job{ jobID='jobGroup', group=JobGroup{ title='jobID', benchmarkingTime=0 } }
 INFO [main] - 2020-01-18 18:40:58.873; - (Scheduler.java:94) - Added new job to the queue: Job{ jobID='jobID', group=JobGroup{ title='jobGroup', benchmarkingTime=0 } }
 INFO [main] - 2020-01-18 18:40:58.874; - (Scheduler.java:94) - Added new job to the queue: Job{ jobID='jobGroup', group=JobGroup{ title='jobID', benchmarkingTime=0 } }
 INFO [main] - 2020-01-18 18:40:58.874; - (Scheduler.java:94) - Added new job to the queue: Job{ jobID='jobID', group=JobGroup{ title='jobGroup', benchmarkingTime=0 } }
 INFO [main] - 2020-01-18 18:40:58.875; - (Scheduler.java:94) - Added new job to the queue: Job{ jobID='jobGroup', group=JobGroup{ title='jobID', benchmarkingTime=0 } }
 INFO [main] - 2020-01-18 18:40:58.875; - (Scheduler.java:94) - Added new job to the queue: Job{ jobID='jobID', group=JobGroup{ title='jobGroup', benchmarkingTime=0 } }
 INFO [main] - 2020-01-18 18:40:58.875; - (Scheduler.java:94) - Added new job to the queue: Job{ jobID='jobGroup', group=JobGroup{ title='jobID', benchmarkingTime=0 } }
 INFO [main] - 2020-01-18 18:40:58.876; - (Scheduler.java:94) - Added new job to the queue: Job{ jobID='jobID', group=JobGroup{ title='jobGroup', benchmarkingTime=0 } }
 INFO [main] - 2020-01-18 18:40:58.876; - (Scheduler.java:94) - Added new job to the queue: Job{ jobID='jobGroup', group=JobGroup{ title='jobID', benchmarkingTime=0 } }
 INFO [main] - 2020-01-18 18:40:58.877; - (Scheduler.java:94) - Added new job to the queue: Job{ jobID='jobID', group=JobGroup{ title='jobGroup', benchmarkingTime=0 } }
 INFO [main] - 2020-01-18 18:40:58.877; - (Scheduler.java:94) - Added new job to the queue: Job{ jobID='jobGroup', group=JobGroup{ title='jobID', benchmarkingTime=0 } }
 INFO [main] - 2020-01-18 18:40:58.878; - (Scheduler.java:94) - Added new job to the queue: Job{ jobID='jobID', group=JobGroup{ title='jobGroup', benchmarkingTime=0 } }
 INFO [main] - 2020-01-18 18:40:58.879; - (Scheduler.java:94) - Added new job to the queue: Job{ jobID='jobGroup', group=JobGroup{ title='jobID', benchmarkingTime=0 } }
 INFO [main] - 2020-01-18 18:40:58.879; - (Scheduler.java:94) - Added new job to the queue: Job{ jobID='jobID', group=JobGroup{ title='jobGroup', benchmarkingTime=0 } }
 INFO [main] - 2020-01-18 18:40:58.880; - (Scheduler.java:94) - Added new job to the queue: Job{ jobID='jobGroup', group=JobGroup{ title='jobID', benchmarkingTime=0 } }
 INFO [main] - 2020-01-18 18:40:58.881; - (Scheduler.java:94) - Added new job to the queue: Job{ jobID='jobID', group=JobGroup{ title='jobGroup', benchmarkingTime=0 } }
 INFO [main] - 2020-01-18 18:40:58.881; - (Scheduler.java:94) - Added new job to the queue: Job{ jobID='jobGroup', group=JobGroup{ title='jobID', benchmarkingTime=0 } }
 INFO [main] - 2020-01-18 18:40:58.882; - (Scheduler.java:94) - Added new job to the queue: Job{ jobID='jobID', group=JobGroup{ title='jobGroup', benchmarkingTime=0 } }
 INFO [main] - 2020-01-18 18:40:58.882; - (Scheduler.java:94) - Added new job to the queue: Job{ jobID='jobGroup', group=JobGroup{ title='jobID', benchmarkingTime=0 } }
 INFO [main] - 2020-01-18 18:40:58.883; - (Scheduler.java:94) - Added new job to the queue: Job{ jobID='jobID', group=JobGroup{ title='jobGroup', benchmarkingTime=0 } }
 INFO [main] - 2020-01-18 18:40:58.884; - (Scheduler.java:94) - Added new job to the queue: Job{ jobID='jobGroup', group=JobGroup{ title='jobID', benchmarkingTime=0 } }
 INFO [main] - 2020-01-18 18:40:58.884; - (Scheduler.java:94) - Added new job to the queue: Job{ jobID='jobID', group=JobGroup{ title='jobGroup', benchmarkingTime=0 } }
 INFO [main] - 2020-01-18 18:40:58.885; - (Scheduler.java:94) - Added new job to the queue: Job{ jobID='jobGroup', group=JobGroup{ title='jobID', benchmarkingTime=0 } }
 INFO [main] - 2020-01-18 18:40:58.885; - (Scheduler.java:94) - Added new job to the queue: Job{ jobID='jobID', group=JobGroup{ title='jobGroup', benchmarkingTime=0 } }
 INFO [main] - 2020-01-18 18:40:58.886; - (Scheduler.java:94) - Added new job to the queue: Job{ jobID='jobGroup', group=JobGroup{ title='jobID', benchmarkingTime=0 } }
 INFO [main] - 2020-01-18 18:40:58.886; - (Scheduler.java:94) - Added new job to the queue: Job{ jobID='jobID', group=JobGroup{ title='jobGroup', benchmarkingTime=0 } }
 INFO [main] - 2020-01-18 18:40:58.887; - (Scheduler.java:94) - Added new job to the queue: Job{ jobID='jobGroup', group=JobGroup{ title='jobID', benchmarkingTime=0 } }
 INFO [main] - 2020-01-18 18:40:58.887; - (Scheduler.java:94) - Added new job to the queue: Job{ jobID='jobID', group=JobGroup{ title='jobGroup', benchmarkingTime=0 } }
 INFO [main] - 2020-01-18 18:40:58.888; - (Scheduler.java:94) - Added new job to the queue: Job{ jobID='jobGroup', group=JobGroup{ title='jobID', benchmarkingTime=0 } }
 INFO [main] - 2020-01-18 18:40:58.889; - (Scheduler.java:94) - Added new job to the queue: Job{ jobID='jobID', group=JobGroup{ title='jobGroup', benchmarkingTime=0 } }
 INFO [main] - 2020-01-18 18:40:58.889; - (Scheduler.java:94) - Added new job to the queue: Job{ jobID='jobGroup', group=JobGroup{ title='jobID', benchmarkingTime=0 } }
 INFO [main] - 2020-01-18 18:40:58.890; - (Scheduler.java:94) - Added new job to the queue: Job{ jobID='jobID', group=JobGroup{ title='jobGroup', benchmarkingTime=0 } }
 INFO [main] - 2020-01-18 18:40:58.890; - (Scheduler.java:94) - Added new job to the queue: Job{ jobID='jobGroup', group=JobGroup{ title='jobID', benchmarkingTime=0 } }
 INFO [main] - 2020-01-18 18:40:58.891; - (Scheduler.java:94) - Added new job to the queue: Job{ jobID='jobID', group=JobGroup{ title='jobGroup', benchmarkingTime=0 } }
 INFO [main] - 2020-01-18 18:40:58.892; - (Scheduler.java:94) - Added new job to the queue: Job{ jobID='jobGroup', group=JobGroup{ title='jobID', benchmarkingTime=0 } }
 INFO [main] - 2020-01-18 18:40:58.892; - (Scheduler.java:94) - Added new job to the queue: Job{ jobID='jobID', group=JobGroup{ title='jobGroup', benchmarkingTime=0 } }
 INFO [main] - 2020-01-18 18:40:58.893; - (Scheduler.java:94) - Added new job to the queue: Job{ jobID='jobGroup', group=JobGroup{ title='jobID', benchmarkingTime=0 } }
 INFO [main] - 2020-01-18 18:40:58.894; - (Scheduler.java:94) - Added new job to the queue: Job{ jobID='jobID', group=JobGroup{ title='jobGroup', benchmarkingTime=0 } }
 INFO [main] - 2020-01-18 18:40:58.894; - (Scheduler.java:94) - Added new job to the queue: Job{ jobID='jobGroup', group=JobGroup{ title='jobID', benchmarkingTime=0 } }
 INFO [main] - 2020-01-18 18:40:58.895; - (Scheduler.java:94) - Added new job to the queue: Job{ jobID='jobID', group=JobGroup{ title='jobGroup', benchmarkingTime=0 } }
 INFO [main] - 2020-01-18 18:40:58.896; - (Scheduler.java:94) - Added new job to the queue: Job{ jobID='jobGroup', group=JobGroup{ title='jobID', benchmarkingTime=0 } }
 INFO [main] - 2020-01-18 18:40:58.896; - (Scheduler.java:94) - Added new job to the queue: Job{ jobID='jobID', group=JobGroup{ title='jobGroup', benchmarkingTime=0 } }
 INFO [main] - 2020-01-18 18:40:58.897; - (Scheduler.java:94) - Added new job to the queue: Job{ jobID='jobGroup', group=JobGroup{ title='jobID', benchmarkingTime=0 } }
 INFO [main] - 2020-01-18 18:40:58.898; - (Scheduler.java:94) - Added new job to the queue: Job{ jobID='jobID', group=JobGroup{ title='jobGroup', benchmarkingTime=0 } }
 INFO [main] - 2020-01-18 18:40:58.898; - (Scheduler.java:94) - Added new job to the queue: Job{ jobID='jobGroup', group=JobGroup{ title='jobID', benchmarkingTime=0 } }
 INFO [main] - 2020-01-18 18:40:58.899; - (Scheduler.java:94) - Added new job to the queue: Job{ jobID='jobID', group=JobGroup{ title='jobGroup', benchmarkingTime=0 } }
 INFO [main] - 2020-01-18 18:40:58.899; - (Scheduler.java:94) - Added new job to the queue: Job{ jobID='jobGroup', group=JobGroup{ title='jobID', benchmarkingTime=0 } }
 INFO [main] - 2020-01-18 18:40:58.900; - (Scheduler.java:94) - Added new job to the queue: Job{ jobID='jobID', group=JobGroup{ title='jobGroup', benchmarkingTime=0 } }
 INFO [main] - 2020-01-18 18:40:58.900; - (Scheduler.java:94) - Added new job to the queue: Job{ jobID='jobGroup', group=JobGroup{ title='jobID', benchmarkingTime=0 } }
 INFO [main] - 2020-01-18 18:40:58.901; - (Scheduler.java:94) - Added new job to the queue: Job{ jobID='jobID', group=JobGroup{ title='jobGroup', benchmarkingTime=0 } }
 INFO [main] - 2020-01-18 18:40:58.901; - (Scheduler.java:94) - Added new job to the queue: Job{ jobID='jobGroup', group=JobGroup{ title='jobID', benchmarkingTime=0 } }
 INFO [main] - 2020-01-18 18:40:58.901; - (Scheduler.java:94) - Added new job to the queue: Job{ jobID='jobID', group=JobGroup{ title='jobGroup', benchmarkingTime=0 } }
 INFO [main] - 2020-01-18 18:40:58.902; - (Scheduler.java:94) - Added new job to the queue: Job{ jobID='jobGroup', group=JobGroup{ title='jobID', benchmarkingTime=0 } }
 INFO [main] - 2020-01-18 18:40:58.902; - (Scheduler.java:94) - Added new job to the queue: Job{ jobID='jobID', group=JobGroup{ title='jobGroup', benchmarkingTime=0 } }
 INFO [main] - 2020-01-18 18:40:58.903; - (Scheduler.java:94) - Added new job to the queue: Job{ jobID='jobGroup', group=JobGroup{ title='jobID', benchmarkingTime=0 } }
 INFO [main] - 2020-01-18 18:40:58.903; - (Scheduler.java:94) - Added new job to the queue: Job{ jobID='jobID', group=JobGroup{ title='jobGroup', benchmarkingTime=0 } }
 INFO [main] - 2020-01-18 18:40:58.904; - (Scheduler.java:94) - Added new job to the queue: Job{ jobID='jobGroup', group=JobGroup{ title='jobID', benchmarkingTime=0 } }
 INFO [main] - 2020-01-18 18:40:58.904; - (Scheduler.java:94) - Added new job to the queue: Job{ jobID='jobID', group=JobGroup{ title='jobGroup', benchmarkingTime=0 } }
 INFO [main] - 2020-01-18 18:40:58.904; - (Scheduler.java:94) - Added new job to the queue: Job{ jobID='jobGroup', group=JobGroup{ title='jobID', benchmarkingTime=0 } }
 INFO [main] - 2020-01-18 18:40:58.905; - (Scheduler.java:94) - Added new job to the queue: Job{ jobID='jobID', group=JobGroup{ title='jobGroup', benchmarkingTime=0 } }
 INFO [main] - 2020-01-18 18:40:58.905; - (Scheduler.java:94) - Added new job to the queue: Job{ jobID='jobGroup', group=JobGroup{ title='jobID', benchmarkingTime=0 } }
 INFO [main] - 2020-01-18 18:40:58.906; - (Scheduler.java:94) - Added new job to the queue: Job{ jobID='jobID', group=JobGroup{ title='jobGroup', benchmarkingTime=0 } }
 INFO [main] - 2020-01-18 18:40:58.906; - (Scheduler.java:94) - Added new job to the queue: Job{ jobID='jobGroup', group=JobGroup{ title='jobID', benchmarkingTime=0 } }
 INFO [main] - 2020-01-18 18:40:58.907; - (Scheduler.java:94) - Added new job to the queue: Job{ jobID='jobID', group=JobGroup{ title='jobGroup', benchmarkingTime=0 } }
 INFO [main] - 2020-01-18 18:40:58.907; - (Scheduler.java:94) - Added new job to the queue: Job{ jobID='jobGroup', group=JobGroup{ title='jobID', benchmarkingTime=0 } }
 INFO [main] - 2020-01-18 18:40:58.908; - (Scheduler.java:94) - Added new job to the queue: Job{ jobID='jobID', group=JobGroup{ title='jobGroup', benchmarkingTime=0 } }
 INFO [main] - 2020-01-18 18:40:58.908; - (Scheduler.java:94) - Added new job to the queue: Job{ jobID='jobGroup', group=JobGroup{ title='jobID', benchmarkingTime=0 } }
 INFO [main] - 2020-01-18 18:40:58.908; - (Scheduler.java:94) - Added new job to the queue: Job{ jobID='jobID', group=JobGroup{ title='jobGroup', benchmarkingTime=0 } }
 INFO [main] - 2020-01-18 18:40:58.909; - (Scheduler.java:94) - Added new job to the queue: Job{ jobID='jobGroup', group=JobGroup{ title='jobID', benchmarkingTime=0 } }
 INFO [main] - 2020-01-18 18:40:58.910; - (Scheduler.java:94) - Added new job to the queue: Job{ jobID='jobID', group=JobGroup{ title='jobGroup', benchmarkingTime=0 } }
 INFO [main] - 2020-01-18 18:40:58.911; - (Scheduler.java:94) - Added new job to the queue: Job{ jobID='jobGroup', group=JobGroup{ title='jobID', benchmarkingTime=0 } }
 INFO [main] - 2020-01-18 18:40:58.911; - (Scheduler.java:94) - Added new job to the queue: Job{ jobID='jobID', group=JobGroup{ title='jobGroup', benchmarkingTime=0 } }
 INFO [main] - 2020-01-18 18:40:58.912; - (Scheduler.java:94) - Added new job to the queue: Job{ jobID='jobGroup', group=JobGroup{ title='jobID', benchmarkingTime=0 } }
 INFO [main] - 2020-01-18 18:40:58.912; - (Scheduler.java:94) - Added new job to the queue: Job{ jobID='jobID', group=JobGroup{ title='jobGroup', benchmarkingTime=0 } }
 INFO [main] - 2020-01-18 18:40:58.913; - (Scheduler.java:94) - Added new job to the queue: Job{ jobID='jobGroup', group=JobGroup{ title='jobID', benchmarkingTime=0 } }
 INFO [main] - 2020-01-18 18:40:58.914; - (Scheduler.java:94) - Added new job to the queue: Job{ jobID='jobID', group=JobGroup{ title='jobGroup', benchmarkingTime=0 } }
 INFO [main] - 2020-01-18 18:40:58.914; - (Scheduler.java:94) - Added new job to the queue: Job{ jobID='jobGroup', group=JobGroup{ title='jobID', benchmarkingTime=0 } }
 INFO [main] - 2020-01-18 18:40:58.915; - (Scheduler.java:94) - Added new job to the queue: Job{ jobID='jobID', group=JobGroup{ title='jobGroup', benchmarkingTime=0 } }
 INFO [main] - 2020-01-18 18:40:58.915; - (Scheduler.java:94) - Added new job to the queue: Job{ jobID='jobGroup', group=JobGroup{ title='jobID', benchmarkingTime=0 } }
 INFO [main] - 2020-01-18 18:40:58.920; - (Scheduler.java:94) - Added new job to the queue: Job{ jobID='jobID', group=JobGroup{ title='jobGroup', benchmarkingTime=0 } }
 INFO [main] - 2020-01-18 18:40:58.920; - (Scheduler.java:94) - Added new job to the queue: Job{ jobID='jobGroup', group=JobGroup{ title='jobID', benchmarkingTime=0 } }
 INFO [main] - 2020-01-18 18:40:58.921; - (Scheduler.java:94) - Added new job to the queue: Job{ jobID='jobID', group=JobGroup{ title='jobGroup', benchmarkingTime=0 } }
 INFO [main] - 2020-01-18 18:40:58.921; - (Scheduler.java:94) - Added new job to the queue: Job{ jobID='jobGroup', group=JobGroup{ title='jobID', benchmarkingTime=0 } }
 INFO [main] - 2020-01-18 18:40:58.921; - (Scheduler.java:94) - Added new job to the queue: Job{ jobID='jobID', group=JobGroup{ title='jobGroup', benchmarkingTime=0 } }
 INFO [main] - 2020-01-18 18:40:58.921; - (Scheduler.java:94) - Added new job to the queue: Job{ jobID='jobGroup', group=JobGroup{ title='jobID', benchmarkingTime=0 } }
 INFO [main] - 2020-01-18 18:40:58.922; - (Scheduler.java:94) - Added new job to the queue: Job{ jobID='jobID', group=JobGroup{ title='jobGroup', benchmarkingTime=0 } }
 INFO [main] - 2020-01-18 18:40:58.922; - (Scheduler.java:94) - Added new job to the queue: Job{ jobID='jobGroup', group=JobGroup{ title='jobID', benchmarkingTime=0 } }
 INFO [main] - 2020-01-18 18:40:58.922; - (Scheduler.java:94) - Added new job to the queue: Job{ jobID='jobID', group=JobGroup{ title='jobGroup', benchmarkingTime=0 } }
 INFO [main] - 2020-01-18 18:40:58.923; - (Scheduler.java:94) - Added new job to the queue: Job{ jobID='jobGroup', group=JobGroup{ title='jobID', benchmarkingTime=0 } }
 INFO [main] - 2020-01-18 18:40:58.923; - (Scheduler.java:94) - Added new job to the queue: Job{ jobID='jobID', group=JobGroup{ title='jobGroup', benchmarkingTime=0 } }
 INFO [main] - 2020-01-18 18:40:58.923; - (Scheduler.java:94) - Added new job to the queue: Job{ jobID='jobGroup', group=JobGroup{ title='jobID', benchmarkingTime=0 } }
 INFO [main] - 2020-01-18 18:40:58.924; - (Scheduler.java:94) - Added new job to the queue: Job{ jobID='jobID', group=JobGroup{ title='jobGroup', benchmarkingTime=0 } }
 INFO [main] - 2020-01-18 18:40:58.924; - (Scheduler.java:94) - Added new job to the queue: Job{ jobID='jobGroup', group=JobGroup{ title='jobID', benchmarkingTime=0 } }
 INFO [main] - 2020-01-18 18:40:58.924; - (Scheduler.java:94) - Added new job to the queue: Job{ jobID='jobID', group=JobGroup{ title='jobGroup', benchmarkingTime=0 } }
 INFO [main] - 2020-01-18 18:40:58.925; - (Scheduler.java:94) - Added new job to the queue: Job{ jobID='jobGroup', group=JobGroup{ title='jobID', benchmarkingTime=0 } }
 INFO [main] - 2020-01-18 18:40:58.925; - (Scheduler.java:94) - Added new job to the queue: Job{ jobID='jobID', group=JobGroup{ title='jobGroup', benchmarkingTime=0 } }
 INFO [main] - 2020-01-18 18:40:58.926; - (Scheduler.java:94) - Added new job to the queue: Job{ jobID='jobGroup', group=JobGroup{ title='jobID', benchmarkingTime=0 } }
 INFO [main] - 2020-01-18 18:40:58.926; - (Scheduler.java:94) - Added new job to the queue: Job{ jobID='jobID', group=JobGroup{ title='jobGroup', benchmarkingTime=0 } }
 INFO [main] - 2020-01-18 18:40:58.926; - (Scheduler.java:94) - Added new job to the queue: Job{ jobID='jobGroup', group=JobGroup{ title='jobID', benchmarkingTime=0 } }
 INFO [main] - 2020-01-18 18:40:58.927; - (Scheduler.java:94) - Added new job to the queue: Job{ jobID='jobID', group=JobGroup{ title='jobGroup', benchmarkingTime=0 } }
 INFO [main] - 2020-01-18 18:40:58.927; - (Scheduler.java:94) - Added new job to the queue: Job{ jobID='jobGroup', group=JobGroup{ title='jobID', benchmarkingTime=0 } }
 INFO [main] - 2020-01-18 18:40:58.927; - (Scheduler.java:94) - Added new job to the queue: Job{ jobID='jobID', group=JobGroup{ title='jobGroup', benchmarkingTime=0 } }
 INFO [main] - 2020-01-18 18:40:58.928; - (Scheduler.java:94) - Added new job to the queue: Job{ jobID='jobGroup', group=JobGroup{ title='jobID', benchmarkingTime=0 } }
 INFO [main] - 2020-01-18 18:40:58.928; - (Scheduler.java:94) - Added new job to the queue: Job{ jobID='jobID', group=JobGroup{ title='jobGroup', benchmarkingTime=0 } }
 INFO [main] - 2020-01-18 18:40:58.929; - (Scheduler.java:94) - Added new job to the queue: Job{ jobID='jobGroup', group=JobGroup{ title='jobID', benchmarkingTime=0 } }
 INFO [main] - 2020-01-18 18:40:58.929; - (Scheduler.java:94) - Added new job to the queue: Job{ jobID='jobID', group=JobGroup{ title='jobGroup', benchmarkingTime=0 } }
 INFO [main] - 2020-01-18 18:40:58.930; - (Scheduler.java:94) - Added new job to the queue: Job{ jobID='jobGroup', group=JobGroup{ title='jobID', benchmarkingTime=0 } }
 INFO [main] - 2020-01-18 18:40:58.930; - (Scheduler.java:94) - Added new job to the queue: Job{ jobID='jobID', group=JobGroup{ title='jobGroup', benchmarkingTime=0 } }
 INFO [main] - 2020-01-18 18:40:58.930; - (Scheduler.java:94) - Added new job to the queue: Job{ jobID='jobGroup', group=JobGroup{ title='jobID', benchmarkingTime=0 } }
 INFO [main] - 2020-01-18 18:40:58.930; - (Scheduler.java:94) - Added new job to the queue: Job{ jobID='jobID', group=JobGroup{ title='jobGroup', benchmarkingTime=0 } }
 INFO [main] - 2020-01-18 18:40:58.931; - (Scheduler.java:94) - Added new job to the queue: Job{ jobID='jobGroup', group=JobGroup{ title='jobID', benchmarkingTime=0 } }
 INFO [main] - 2020-01-18 18:40:58.931; - (Scheduler.java:94) - Added new job to the queue: Job{ jobID='jobID', group=JobGroup{ title='jobGroup', benchmarkingTime=0 } }
 INFO [main] - 2020-01-18 18:40:58.931; - (Scheduler.java:94) - Added new job to the queue: Job{ jobID='jobGroup', group=JobGroup{ title='jobID', benchmarkingTime=0 } }
 INFO [main] - 2020-01-18 18:40:58.931; - (Scheduler.java:94) - Added new job to the queue: Job{ jobID='jobID', group=JobGroup{ title='jobGroup', benchmarkingTime=0 } }
 INFO [main] - 2020-01-18 18:40:58.932; - (Scheduler.java:94) - Added new job to the queue: Job{ jobID='jobGroup', group=JobGroup{ title='jobID', benchmarkingTime=0 } }
 INFO [main] - 2020-01-18 18:40:58.932; - (Scheduler.java:94) - Added new job to the queue: Job{ jobID='jobID', group=JobGroup{ title='jobGroup', benchmarkingTime=0 } }
 INFO [main] - 2020-01-18 18:40:58.932; - (Scheduler.java:94) - Added new job to the queue: Job{ jobID='jobGroup', group=JobGroup{ title='jobID', benchmarkingTime=0 } }
 INFO [main] - 2020-01-18 18:40:58.933; - (Scheduler.java:94) - Added new job to the queue: Job{ jobID='jobID', group=JobGroup{ title='jobGroup', benchmarkingTime=0 } }
 INFO [main] - 2020-01-18 18:40:58.933; - (Scheduler.java:94) - Added new job to the queue: Job{ jobID='jobGroup', group=JobGroup{ title='jobID', benchmarkingTime=0 } }
 INFO [main] - 2020-01-18 18:40:58.933; - (Scheduler.java:94) - Added new job to the queue: Job{ jobID='jobID', group=JobGroup{ title='jobGroup', benchmarkingTime=0 } }
 INFO [main] - 2020-01-18 18:40:58.933; - (Scheduler.java:94) - Added new job to the queue: Job{ jobID='jobGroup', group=JobGroup{ title='jobID', benchmarkingTime=0 } }
 INFO [main] - 2020-01-18 18:40:58.934; - (Scheduler.java:94) - Added new job to the queue: Job{ jobID='jobID', group=JobGroup{ title='jobGroup', benchmarkingTime=0 } }
 INFO [main] - 2020-01-18 18:40:58.934; - (Scheduler.java:94) - Added new job to the queue: Job{ jobID='jobGroup', group=JobGroup{ title='jobID', benchmarkingTime=0 } }
 INFO [main] - 2020-01-18 18:40:58.934; - (Scheduler.java:94) - Added new job to the queue: Job{ jobID='jobID', group=JobGroup{ title='jobGroup', benchmarkingTime=0 } }
 INFO [main] - 2020-01-18 18:40:58.935; - (Scheduler.java:94) - Added new job to the queue: Job{ jobID='jobGroup', group=JobGroup{ title='jobID', benchmarkingTime=0 } }
 INFO [main] - 2020-01-18 18:40:58.935; - (Scheduler.java:94) - Added new job to the queue: Job{ jobID='jobID', group=JobGroup{ title='jobGroup', benchmarkingTime=0 } }
 INFO [main] - 2020-01-18 18:40:58.935; - (Scheduler.java:94) - Added new job to the queue: Job{ jobID='jobGroup', group=JobGroup{ title='jobID', benchmarkingTime=0 } }
 INFO [main] - 2020-01-18 18:40:58.936; - (Scheduler.java:94) - Added new job to the queue: Job{ jobID='jobID', group=JobGroup{ title='jobGroup', benchmarkingTime=0 } }
 INFO [main] - 2020-01-18 18:40:58.936; - (Scheduler.java:94) - Added new job to the queue: Job{ jobID='jobGroup', group=JobGroup{ title='jobID', benchmarkingTime=0 } }
 INFO [main] - 2020-01-18 18:40:58.937; - (Scheduler.java:94) - Added new job to the queue: Job{ jobID='jobID', group=JobGroup{ title='jobGroup', benchmarkingTime=0 } }
 INFO [main] - 2020-01-18 18:40:58.937; - (Scheduler.java:94) - Added new job to the queue: Job{ jobID='jobGroup', group=JobGroup{ title='jobID', benchmarkingTime=0 } }
 INFO [main] - 2020-01-18 18:40:58.937; - (Scheduler.java:94) - Added new job to the queue: Job{ jobID='jobID', group=JobGroup{ title='jobGroup', benchmarkingTime=0 } }
 INFO [main] - 2020-01-18 18:40:58.938; - (Scheduler.java:94) - Added new job to the queue: Job{ jobID='jobGroup', group=JobGroup{ title='jobID', benchmarkingTime=0 } }
 INFO [main] - 2020-01-18 18:40:58.938; - (Scheduler.java:94) - Added new job to the queue: Job{ jobID='jobID', group=JobGroup{ title='jobGroup', benchmarkingTime=0 } }
 INFO [main] - 2020-01-18 18:40:58.939; - (Scheduler.java:94) - Added new job to the queue: Job{ jobID='jobGroup', group=JobGroup{ title='jobID', benchmarkingTime=0 } }
 INFO [main] - 2020-01-18 18:40:58.940; - (Scheduler.java:94) - Added new job to the queue: Job{ jobID='jobID', group=JobGroup{ title='jobGroup', benchmarkingTime=0 } }
 INFO [main] - 2020-01-18 18:40:58.940; - (Scheduler.java:94) - Added new job to the queue: Job{ jobID='jobGroup', group=JobGroup{ title='jobID', benchmarkingTime=0 } }
 INFO [main] - 2020-01-18 18:40:58.941; - (Scheduler.java:94) - Added new job to the queue: Job{ jobID='jobID', group=JobGroup{ title='jobGroup', benchmarkingTime=0 } }
 INFO [main] - 2020-01-18 18:40:58.942; - (Scheduler.java:94) - Added new job to the queue: Job{ jobID='jobGroup', group=JobGroup{ title='jobID', benchmarkingTime=0 } }
 INFO [main] - 2020-01-18 18:40:58.943; - (Scheduler.java:94) - Added new job to the queue: Job{ jobID='jobID', group=JobGroup{ title='jobGroup', benchmarkingTime=0 } }
 INFO [main] - 2020-01-18 18:40:58.944; - (Scheduler.java:94) - Added new job to the queue: Job{ jobID='jobGroup', group=JobGroup{ title='jobID', benchmarkingTime=0 } }
 INFO [main] - 2020-01-18 18:40:58.944; - (Scheduler.java:94) - Added new job to the queue: Job{ jobID='jobID', group=JobGroup{ title='jobGroup', benchmarkingTime=0 } }
 INFO [main] - 2020-01-18 18:40:58.945; - (Scheduler.java:94) - Added new job to the queue: Job{ jobID='jobGroup', group=JobGroup{ title='jobID', benchmarkingTime=0 } }
 INFO [main] - 2020-01-18 18:40:58.945; - (Scheduler.java:94) - Added new job to the queue: Job{ jobID='jobID', group=JobGroup{ title='jobGroup', benchmarkingTime=0 } }
 INFO [main] - 2020-01-18 18:40:58.946; - (Scheduler.java:94) - Added new job to the queue: Job{ jobID='jobGroup', group=JobGroup{ title='jobID', benchmarkingTime=0 } }
 INFO [main] - 2020-01-18 18:40:58.946; - (Scheduler.java:94) - Added new job to the queue: Job{ jobID='jobID', group=JobGroup{ title='jobGroup', benchmarkingTime=0 } }
 INFO [main] - 2020-01-18 18:40:58.947; - (Scheduler.java:94) - Added new job to the queue: Job{ jobID='jobGroup', group=JobGroup{ title='jobID', benchmarkingTime=0 } }
 INFO [main] - 2020-01-18 18:40:58.948; - (Scheduler.java:94) - Added new job to the queue: Job{ jobID='jobID', group=JobGroup{ title='jobGroup', benchmarkingTime=0 } }
 INFO [main] - 2020-01-18 18:40:58.948; - (Scheduler.java:94) - Added new job to the queue: Job{ jobID='jobGroup', group=JobGroup{ title='jobID', benchmarkingTime=0 } }
 INFO [main] - 2020-01-18 18:40:58.949; - (Scheduler.java:94) - Added new job to the queue: Job{ jobID='jobID', group=JobGroup{ title='jobGroup', benchmarkingTime=0 } }
 INFO [main] - 2020-01-18 18:40:58.949; - (Scheduler.java:94) - Added new job to the queue: Job{ jobID='jobGroup', group=JobGroup{ title='jobID', benchmarkingTime=0 } }
 INFO [main] - 2020-01-18 18:40:58.950; - (Scheduler.java:94) - Added new job to the queue: Job{ jobID='jobID', group=JobGroup{ title='jobGroup', benchmarkingTime=0 } }
 INFO [main] - 2020-01-18 18:40:58.951; - (Scheduler.java:94) - Added new job to the queue: Job{ jobID='jobGroup', group=JobGroup{ title='jobID', benchmarkingTime=0 } }
 INFO [main] - 2020-01-18 18:40:58.951; - (Scheduler.java:94) - Added new job to the queue: Job{ jobID='jobID', group=JobGroup{ title='jobGroup', benchmarkingTime=0 } }
 INFO [main] - 2020-01-18 18:40:58.952; - (Scheduler.java:94) - Added new job to the queue: Job{ jobID='jobGroup', group=JobGroup{ title='jobID', benchmarkingTime=0 } }
 INFO [main] - 2020-01-18 18:40:58.953; - (Scheduler.java:94) - Added new job to the queue: Job{ jobID='jobID', group=JobGroup{ title='jobGroup', benchmarkingTime=0 } }
 INFO [main] - 2020-01-18 18:40:58.954; - (Scheduler.java:94) - Added new job to the queue: Job{ jobID='jobGroup', group=JobGroup{ title='jobID', benchmarkingTime=0 } }
 INFO [main] - 2020-01-18 18:40:58.954; - (Scheduler.java:94) - Added new job to the queue: Job{ jobID='jobID', group=JobGroup{ title='jobGroup', benchmarkingTime=0 } }
 INFO [main] - 2020-01-18 18:40:58.955; - (Scheduler.java:94) - Added new job to the queue: Job{ jobID='jobGroup', group=JobGroup{ title='jobID', benchmarkingTime=0 } }
 INFO [main] - 2020-01-18 18:40:58.955; - (Scheduler.java:94) - Added new job to the queue: Job{ jobID='jobID', group=JobGroup{ title='jobGroup', benchmarkingTime=0 } }
 INFO [main] - 2020-01-18 18:40:58.956; - (Scheduler.java:94) - Added new job to the queue: Job{ jobID='jobGroup', group=JobGroup{ title='jobID', benchmarkingTime=0 } }
 INFO [main] - 2020-01-18 18:40:58.957; - (Scheduler.java:94) - Added new job to the queue: Job{ jobID='jobID', group=JobGroup{ title='jobGroup', benchmarkingTime=0 } }
 INFO [main] - 2020-01-18 18:40:58.958; - (Scheduler.java:94) - Added new job to the queue: Job{ jobID='jobGroup', group=JobGroup{ title='jobID', benchmarkingTime=0 } }
 INFO [main] - 2020-01-18 18:40:58.959; - (Scheduler.java:94) - Added new job to the queue: Job{ jobID='jobID', group=JobGroup{ title='jobGroup', benchmarkingTime=0 } }
 INFO [main] - 2020-01-18 18:40:58.959; - (Scheduler.java:94) - Added new job to the queue: Job{ jobID='jobGroup', group=JobGroup{ title='jobID', benchmarkingTime=0 } }
 INFO [main] - 2020-01-18 18:40:58.960; - (Scheduler.java:94) - Added new job to the queue: Job{ jobID='jobID', group=JobGroup{ title='jobGroup', benchmarkingTime=0 } }
 INFO [main] - 2020-01-18 18:40:58.961; - (Scheduler.java:94) - Added new job to the queue: Job{ jobID='jobGroup', group=JobGroup{ title='jobID', benchmarkingTime=0 } }
 INFO [main] - 2020-01-18 18:40:58.961; - (Scheduler.java:94) - Added new job to the queue: Job{ jobID='jobID', group=JobGroup{ title='jobGroup', benchmarkingTime=0 } }
 INFO [main] - 2020-01-18 18:40:58.962; - (Scheduler.java:94) - Added new job to the queue: Job{ jobID='jobGroup', group=JobGroup{ title='jobID', benchmarkingTime=0 } }
 INFO [main] - 2020-01-18 18:40:58.962; - (Scheduler.java:94) - Added new job to the queue: Job{ jobID='jobID', group=JobGroup{ title='jobGroup', benchmarkingTime=0 } }
 INFO [main] - 2020-01-18 18:40:58.967; - (Scheduler.java:94) - Added new job to the queue: Job{ jobID='jobGroup', group=JobGroup{ title='jobID', benchmarkingTime=0 } }
 INFO [main] - 2020-01-18 18:40:58.968; - (Scheduler.java:94) - Added new job to the queue: Job{ jobID='jobID', group=JobGroup{ title='jobGroup', benchmarkingTime=0 } }
 INFO [main] - 2020-01-18 18:40:58.968; - (Scheduler.java:94) - Added new job to the queue: Job{ jobID='jobGroup', group=JobGroup{ title='jobID', benchmarkingTime=0 } }
 INFO [main] - 2020-01-18 18:40:58.969; - (Scheduler.java:94) - Added new job to the queue: Job{ jobID='jobID', group=JobGroup{ title='jobGroup', benchmarkingTime=0 } }
 INFO [main] - 2020-01-18 18:40:58.969; - (Scheduler.java:94) - Added new job to the queue: Job{ jobID='jobGroup', group=JobGroup{ title='jobID', benchmarkingTime=0 } }
 INFO [main] - 2020-01-18 18:40:58.970; - (Scheduler.java:94) - Added new job to the queue: Job{ jobID='jobID', group=JobGroup{ title='jobGroup', benchmarkingTime=0 } }
 INFO [main] - 2020-01-18 18:40:58.970; - (Scheduler.java:94) - Added new job to the queue: Job{ jobID='jobGroup', group=JobGroup{ title='jobID', benchmarkingTime=0 } }
 INFO [main] - 2020-01-18 18:40:58.971; - (Scheduler.java:94) - Added new job to the queue: Job{ jobID='jobID', group=JobGroup{ title='jobGroup', benchmarkingTime=0 } }
 INFO [main] - 2020-01-18 18:40:58.971; - (Scheduler.java:94) - Added new job to the queue: Job{ jobID='jobGroup', group=JobGroup{ title='jobID', benchmarkingTime=0 } }
 INFO [main] - 2020-01-18 18:40:58.972; - (Scheduler.java:94) - Added new job to the queue: Job{ jobID='jobID', group=JobGroup{ title='jobGroup', benchmarkingTime=0 } }
 INFO [main] - 2020-01-18 18:40:58.987; - (Scheduler.java:94) - Added new job to the queue: Job{ jobID='jobID', group=JobGroup{ title='jobGroup', benchmarkingTime=0 } }
 INFO [main] - 2020-01-18 18:40:58.987; - (Scheduler.java:94) - Added new job to the queue: Job{ jobID='jobGroup', group=JobGroup{ title='jobID', benchmarkingTime=0 } }
 INFO [main] - 2020-01-18 18:40:59.364; - (StartupInfoLogger.java:55) - Starting BenchmarkDBTest on BHahn-PC with PID 31256 (started by Benedikt in D:\bhahn\Desktop\Benedikt\Programmieren\Github\pacr\webapp_backend)
DEBUG [main] - 2020-01-18 18:40:59.366; - (StartupInfoLogger.java:56) - Running with Spring Boot v2.2.2.RELEASE, Spring v5.2.2.RELEASE
 INFO [main] - 2020-01-18 18:40:59.367; - (SpringApplication.java:651) - No active profile set, falling back to default profiles: default
 INFO [main] - 2020-01-18 18:41:02.454; - (PullIntervalSchedulingTrigger.java:72) - Next execution time: 2020-01-18 18:41:12
 INFO [main] - 2020-01-18 18:41:02.457; - (StartupInfoLogger.java:61) - Started BenchmarkDBTest in 3.234 seconds (JVM running for 5.593)
 INFO [main] - 2020-01-18 18:41:02.729; - (GitTrackingDB.java:95) - Deleting commits belonging to repository with ID 16.
 INFO [main] - 2020-01-18 18:41:02.752; - (GitTrackingDB.java:101) - Deleting repository with ID 16.
 INFO [main] - 2020-01-18 18:41:02.791; - (GitTrackingDB.java:95) - Deleting commits belonging to repository with ID 19.
 INFO [main] - 2020-01-18 18:41:02.802; - (GitTrackingDB.java:101) - Deleting repository with ID 19.
 INFO [main] - 2020-01-18 18:41:02.824; - (GitTrackingDB.java:95) - Deleting commits belonging to repository with ID 23.
 INFO [main] - 2020-01-18 18:41:02.825; - (GitTrackingDB.java:101) - Deleting repository with ID 23.
 INFO [main] - 2020-01-18 18:41:02.848; - (GitTrackingDB.java:95) - Deleting commits belonging to repository with ID 26.
 INFO [main] - 2020-01-18 18:41:02.850; - (GitTrackingDB.java:101) - Deleting repository with ID 26.
 INFO [main] - 2020-01-18 18:41:02.871; - (GitTrackingDB.java:95) - Deleting commits belonging to repository with ID 29.
 INFO [main] - 2020-01-18 18:41:02.872; - (GitTrackingDB.java:101) - Deleting repository with ID 29.
 INFO [main] - 2020-01-18 18:41:02.904; - (GitTrackingDB.java:95) - Deleting commits belonging to repository with ID 32.
 INFO [main] - 2020-01-18 18:41:02.913; - (GitTrackingDB.java:101) - Deleting repository with ID 32.
 INFO [main] - 2020-01-18 18:41:02.937; - (GitTrackingDB.java:95) - Deleting commits belonging to repository with ID 36.
 INFO [main] - 2020-01-18 18:41:02.950; - (GitTrackingDB.java:101) - Deleting repository with ID 36.
 INFO [main] - 2020-01-18 18:41:03.004; - (GitTrackingDB.java:95) - Deleting commits belonging to repository with ID 40.
 INFO [main] - 2020-01-18 18:41:03.014; - (GitTrackingDB.java:101) - Deleting repository with ID 40.
 INFO [main] - 2020-01-18 18:41:03.037; - (GitTrackingDB.java:95) - Deleting commits belonging to repository with ID 44.
 INFO [main] - 2020-01-18 18:41:03.038; - (GitTrackingDB.java:101) - Deleting repository with ID 44.
 INFO [main] - 2020-01-18 18:41:03.062; - (GitTrackingDB.java:95) - Deleting commits belonging to repository with ID 47.
 INFO [main] - 2020-01-18 18:41:03.069; - (GitTrackingDB.java:101) - Deleting repository with ID 47.
 INFO [main] - 2020-01-18 18:41:03.087; - (GitTrackingDB.java:95) - Deleting commits belonging to repository with ID 51.
 INFO [main] - 2020-01-18 18:41:03.088; - (GitTrackingDB.java:101) - Deleting repository with ID 51.
 INFO [main] - 2020-01-18 18:41:03.104; - (GitTrackingDB.java:95) - Deleting commits belonging to repository with ID 54.
 INFO [main] - 2020-01-18 18:41:03.105; - (GitTrackingDB.java:101) - Deleting repository with ID 54.
 INFO [main] - 2020-01-18 18:41:03.118; - (GitTrackingDB.java:95) - Deleting commits belonging to repository with ID 57.
 INFO [main] - 2020-01-18 18:41:03.118; - (GitTrackingDB.java:101) - Deleting repository with ID 57.
 INFO [main] - 2020-01-18 18:41:03.323; - (PullIntervalSchedulingTrigger.java:72) - Next execution time: 2020-01-18 18:41:23
 INFO [main] - 2020-01-18 18:41:03.324; - (PullIntervalSchedulingTrigger.java:72) - Next execution time: 2020-01-18 18:41:23
 INFO [main] - 2020-01-18 18:41:03.326; - (PullIntervalSchedulingTrigger.java:72) - Next execution time: 2020-01-18 18:41:08
 INFO [main] - 2020-01-18 18:41:03.347; - (PullIntervalSchedulingTrigger.java:72) - Next execution time: 2020-01-18 18:41:23
 INFO [main] - 2020-01-18 18:41:03.362; - (Scheduler.java:94) - Added new job to the queue: Job{ jobID='jobID', group=JobGroup{ title='jobGroup', benchmarkingTime=0 } }
 INFO [main] - 2020-01-18 18:41:03.363; - (Scheduler.java:94) - Added new job to the queue: Job{ jobID='jobID', group=JobGroup{ title='jobGroup', benchmarkingTime=0 } }
 INFO [main] - 2020-01-18 18:41:03.364; - (Scheduler.java:94) - Added new job to the queue: Job{ jobID='jobID', group=JobGroup{ title='jobGroup', benchmarkingTime=0 } }
 INFO [main] - 2020-01-18 18:41:03.364; - (Scheduler.java:94) - Added new job to the queue: Job{ jobID='jobGroup', group=JobGroup{ title='jobID', benchmarkingTime=0 } }
 INFO [main] - 2020-01-18 18:41:03.365; - (Scheduler.java:94) - Added new job to the queue: Job{ jobID='jobID', group=JobGroup{ title='jobGroup', benchmarkingTime=0 } }
 INFO [main] - 2020-01-18 18:41:03.365; - (Scheduler.java:94) - Added new job to the queue: Job{ jobID='jobID', group=JobGroup{ title='jobGroup', benchmarkingTime=0 } }
 INFO [main] - 2020-01-18 18:41:03.372; - (Scheduler.java:94) - Added new job to the queue: Job{ jobID='jobID', group=JobGroup{ title='jobGroup', benchmarkingTime=0 } }
 INFO [main] - 2020-01-18 18:41:03.373; - (Scheduler.java:94) - Added new job to the queue: Job{ jobID='jobID0', group=JobGroup{ title='jobGroup0', benchmarkingTime=0 } }
 INFO [main] - 2020-01-18 18:41:03.375; - (Scheduler.java:94) - Added new job to the queue: Job{ jobID='jobID1', group=JobGroup{ title='jobGroup1', benchmarkingTime=0 } }
 INFO [main] - 2020-01-18 18:41:03.377; - (Scheduler.java:94) - Added new job to the queue: Job{ jobID='jobID2', group=JobGroup{ title='jobGroup2', benchmarkingTime=0 } }
 INFO [main] - 2020-01-18 18:41:03.379; - (Scheduler.java:94) - Added new job to the queue: Job{ jobID='jobID3', group=JobGroup{ title='jobGroup3', benchmarkingTime=0 } }
 INFO [main] - 2020-01-18 18:41:03.381; - (Scheduler.java:94) - Added new job to the queue: Job{ jobID='jobID4', group=JobGroup{ title='jobGroup4', benchmarkingTime=0 } }
 INFO [main] - 2020-01-18 18:41:03.383; - (Scheduler.java:94) - Added new job to the queue: Job{ jobID='jobID5', group=JobGroup{ title='jobGroup5', benchmarkingTime=0 } }
 INFO [main] - 2020-01-18 18:41:03.386; - (Scheduler.java:94) - Added new job to the queue: Job{ jobID='jobID', group=JobGroup{ title='jobGroup', benchmarkingTime=0 } }
 INFO [main] - 2020-01-18 18:41:03.386; - (Scheduler.java:94) - Added new job to the queue: Job{ jobID='jobID0', group=JobGroup{ title='jobGroup0', benchmarkingTime=0 } }
 INFO [main] - 2020-01-18 18:41:03.389; - (Scheduler.java:94) - Added new job to the queue: Job{ jobID='jobID1', group=JobGroup{ title='jobGroup1', benchmarkingTime=0 } }
 INFO [main] - 2020-01-18 18:41:03.391; - (Scheduler.java:94) - Added new job to the queue: Job{ jobID='jobID2', group=JobGroup{ title='jobGroup2', benchmarkingTime=0 } }
 INFO [main] - 2020-01-18 18:41:03.393; - (Scheduler.java:94) - Added new job to the queue: Job{ jobID='jobID3', group=JobGroup{ title='jobGroup3', benchmarkingTime=0 } }
 INFO [main] - 2020-01-18 18:41:03.395; - (Scheduler.java:94) - Added new job to the queue: Job{ jobID='jobID4', group=JobGroup{ title='jobGroup4', benchmarkingTime=0 } }
 INFO [main] - 2020-01-18 18:41:03.397; - (Scheduler.java:94) - Added new job to the queue: Job{ jobID='jobID5', group=JobGroup{ title='jobGroup5', benchmarkingTime=0 } }
 INFO [main] - 2020-01-18 18:41:03.400; - (Scheduler.java:94) - Added new job to the queue: Job{ jobID='jobID', group=JobGroup{ title='jobGroup', benchmarkingTime=0 } }
 INFO [main] - 2020-01-18 18:41:03.400; - (Scheduler.java:94) - Added new job to the queue: Job{ jobID='jobGroup', group=JobGroup{ title='jobID', benchmarkingTime=0 } }
 INFO [main] - 2020-01-18 18:41:03.400; - (Scheduler.java:94) - Added new job to the queue: Job{ jobID='jobID0', group=JobGroup{ title='jobGroup0', benchmarkingTime=0 } }
 INFO [main] - 2020-01-18 18:41:03.402; - (Scheduler.java:94) - Added new job to the queue: Job{ jobID='jobID1', group=JobGroup{ title='jobGroup1', benchmarkingTime=0 } }
 INFO [main] - 2020-01-18 18:41:03.404; - (Scheduler.java:94) - Added new job to the queue: Job{ jobID='jobID2', group=JobGroup{ title='jobGroup2', benchmarkingTime=0 } }
 INFO [main] - 2020-01-18 18:41:03.406; - (Scheduler.java:94) - Added new job to the queue: Job{ jobID='jobID3', group=JobGroup{ title='jobGroup3', benchmarkingTime=0 } }
 INFO [main] - 2020-01-18 18:41:03.408; - (Scheduler.java:94) - Added new job to the queue: Job{ jobID='jobID4', group=JobGroup{ title='jobGroup4', benchmarkingTime=0 } }
 INFO [main] - 2020-01-18 18:41:03.410; - (Scheduler.java:94) - Added new job to the queue: Job{ jobID='jobID5', group=JobGroup{ title='jobGroup5', benchmarkingTime=0 } }
 INFO [main] - 2020-01-18 18:41:03.413; - (Scheduler.java:94) - Added new job to the queue: Job{ jobID='jobID', group=JobGroup{ title='jobGroup', benchmarkingTime=0 } }
 INFO [main] - 2020-01-18 18:41:03.413; - (Scheduler.java:94) - Added new job to the queue: Job{ jobID='jobID', group=JobGroup{ title='jobGroup', benchmarkingTime=0 } }
 INFO [main] - 2020-01-18 18:41:03.413; - (Scheduler.java:94) - Added new job to the queue: Job{ jobID='jobID0', group=JobGroup{ title='jobGroup0', benchmarkingTime=0 } }
 INFO [main] - 2020-01-18 18:41:03.415; - (Scheduler.java:94) - Added new job to the queue: Job{ jobID='jobID1', group=JobGroup{ title='jobGroup1', benchmarkingTime=0 } }
 INFO [main] - 2020-01-18 18:41:03.417; - (Scheduler.java:94) - Added new job to the queue: Job{ jobID='jobID2', group=JobGroup{ title='jobGroup2', benchmarkingTime=0 } }
 INFO [main] - 2020-01-18 18:41:03.419; - (Scheduler.java:94) - Added new job to the queue: Job{ jobID='jobID3', group=JobGroup{ title='jobGroup3', benchmarkingTime=0 } }
 INFO [main] - 2020-01-18 18:41:03.421; - (Scheduler.java:94) - Added new job to the queue: Job{ jobID='jobID4', group=JobGroup{ title='jobGroup4', benchmarkingTime=0 } }
 INFO [main] - 2020-01-18 18:41:03.423; - (Scheduler.java:94) - Added new job to the queue: Job{ jobID='jobID5', group=JobGroup{ title='jobGroup5', benchmarkingTime=0 } }
 INFO [main] - 2020-01-18 18:41:03.425; - (Scheduler.java:94) - Added new job to the queue: Job{ jobID='jobID6', group=JobGroup{ title='jobGroup6', benchmarkingTime=0 } }
 INFO [main] - 2020-01-18 18:41:03.428; - (Scheduler.java:94) - Added new job to the queue: Job{ jobID='jobID', group=JobGroup{ title='jobGroup', benchmarkingTime=0 } }
 INFO [main] - 2020-01-18 18:41:03.429; - (Scheduler.java:94) - Added new job to the queue: Job{ jobID='jobID0', group=JobGroup{ title='jobGroup0', benchmarkingTime=0 } }
 INFO [main] - 2020-01-18 18:41:03.431; - (Scheduler.java:94) - Added new job to the queue: Job{ jobID='jobID1', group=JobGroup{ title='jobGroup1', benchmarkingTime=0 } }
 INFO [main] - 2020-01-18 18:41:03.433; - (Scheduler.java:94) - Added new job to the queue: Job{ jobID='jobID2', group=JobGroup{ title='jobGroup2', benchmarkingTime=0 } }
 INFO [main] - 2020-01-18 18:41:03.435; - (Scheduler.java:94) - Added new job to the queue: Job{ jobID='jobID3', group=JobGroup{ title='jobGroup3', benchmarkingTime=0 } }
 INFO [main] - 2020-01-18 18:41:03.436; - (Scheduler.java:94) - Added new job to the queue: Job{ jobID='jobID4', group=JobGroup{ title='jobGroup4', benchmarkingTime=0 } }
 INFO [main] - 2020-01-18 18:41:03.438; - (Scheduler.java:94) - Added new job to the queue: Job{ jobID='jobID5', group=JobGroup{ title='jobGroup5', benchmarkingTime=0 } }
